#
# There is insufficient memory for the Java Runtime Environment to continue.
# Native memory allocation (mmap) failed to map 264241152 bytes for G1 virtual space
# Possible reasons:
#   The system is out of physical RAM or swap space
#   The process is running with CompressedOops enabled, and the Java Heap may be blocking the growth of the native heap
# Possible solutions:
#   Reduce memory load on the system
#   Increase physical memory or swap space
#   Check if swap backing store is full
#   Decrease Java heap size (-Xmx/-Xms)
#   Decrease number of Java threads
#   Decrease Java thread stack sizes (-Xss)
#   Set larger code cache with -XX:ReservedCodeCacheSize=
#   JVM is running with Zero Based Compressed Oops mode in which the Java heap is
#     placed in the first 32GB address space. The Java Heap base address is the
#     maximum limit for the native heap growth. Please use -XX:HeapBaseMinAddress
#     to set the Java Heap base and to place the Java Heap above 32GB virtual address.
# This output file may be truncated or incomplete.
#
#  Out of Memory Error (os_windows.cpp:3825), pid=28228, tid=28288
#
# JRE version:  (17.0.10+1) (build )
# Java VM: OpenJDK 64-Bit Server VM (17.0.10+1-b1087.23, mixed mode, sharing, tiered, compressed oops, compressed class ptrs, g1 gc, windows-amd64)
# No core dump will be written. Minidumps are not enabled by default on client versions of Windows
#

---------------  S U M M A R Y ------------

Command Line: git4idea.http.GitAskPassApp Username for 'https://github.com': 

Host: 12th Gen Intel(R) Core(TM) i5-1235U, 12 cores, 15G,  Windows 10 , 64 bit Build 19041 (10.0.19041.4717)
Time: Sat Sep  7 21:50:43 2024 RTZ 2 (s 10 , 64 bit Build 19041 (10.0.19041.4717) elapsed time: 0.011955 seconds (0d 0h 0m 0s)

---------------  T H R E A D  ---------------

Current thread (0x0000025fff7650e0):  JavaThread "Unknown thread" [_thread_in_vm, id=28288, stack(0x000000a9bd000000,0x000000a9bd100000)]

Stack: [0x000000a9bd000000,0x000000a9bd100000]
Native frames: (J=compiled Java code, j=interpreted, Vv=VM code, C=native code)
V  [jvm.dll+0x688a29]
V  [jvm.dll+0x84216a]
V  [jvm.dll+0x843dae]
V  [jvm.dll+0x844413]
V  [jvm.dll+0x24ba8f]
V  [jvm.dll+0x6857f9]
V  [jvm.dll+0x67a0aa]
V  [jvm.dll+0x30c7eb]
V  [jvm.dll+0x313c96]
V  [jvm.dll+0x363a2e]
V  [jvm.dll+0x363c5f]
V  [jvm.dll+0x2e25b8]
V  [jvm.dll+0x2e3524]
V  [jvm.dll+0x812cd1]
V  [jvm.dll+0x3718e1]
V  [jvm.dll+0x7f1836]
V  [jvm.dll+0x3f553f]
V  [jvm.dll+0x3f7171]
C  [jli.dll+0x528f]
C  [ucrtbase.dll+0x21bb2]
C  [KERNEL32.DLL+0x17374]
C  [ntdll.dll+0x4cc91]


---------------  P R O C E S S  ---------------

Threads class SMR info:
_java_thread_list=0x00007ffb8e4cef58, length=0, elements={
}

Java Threads: ( => current thread )

Other Threads:
  0x0000025fff7d0eb0 GCTaskThread "GC Thread#0" [stack: 0x000000a9bd100000,0x000000a9bd200000] [id=27896]
  0x0000025fff7e28a0 ConcurrentGCThread "G1 Main Marker" [stack: 0x000000a9bd200000,0x000000a9bd300000] [id=3324]
  0x0000025fff7e31d0 ConcurrentGCThread "G1 Conc#0" [stack: 0x000000a9bd300000,0x000000a9bd400000] [id=23048]

[error occurred during error reporting (printing all threads), id 0xc0000005, EXCEPTION_ACCESS_VIOLATION (0xc0000005) at pc=0x00007ffb8dc83187]

VM state: not at safepoint (not fully initialized)

VM Mutex/Monitor currently owned by a thread:  ([mutex/lock_event])
[0x0000025fff7612d0] Heap_lock - owner thread: 0x0000025fff7650e0

Heap address: 0x0000000704800000, size: 4024 MB, Compressed Oops mode: Zero based, Oop shift amount: 3

CDS archive(s) mapped at: [0x0000000000000000-0x0000000000000000-0x0000000000000000), size 0, SharedBaseAddress: 0x0000000800000000, ArchiveRelocationMode: 1.
Narrow klass base: 0x0000000000000000, Narrow klass shift: 0, Narrow klass range: 0x0

GC Precious Log:
<Empty>

Heap:
 garbage-first heap   total 0K, used 0K [0x0000000704800000, 0x0000000800000000)
  region size 2048K, 0 young (0K), 0 survivors (0K)
 Metaspace       used 0K, committed 0K, reserved 0K
  class space    used 0K, committed 0K, reserved 0K

Heap Regions: E=young(eden), S=young(survivor), O=old, HS=humongous(starts), HC=humongous(continues), CS=collection set, F=free, OA=open archive, CA=closed archive, TAMS=top-at-mark-start (previous, next)

Card table byte_map: [0x0000025f942b0000,0x0000025f94a90000] _byte_map_base: 0x0000025f90a8c000

Marking Bits (Prev, Next): (CMBitMap*) 0x0000025fff7d23f0, (CMBitMap*) 0x0000025fff7d2430
 Prev Bits: [0x0000025f95270000, 0x0000025f99150000)
 Next Bits: [0x0000025f99150000, 0x0000025f9d030000)

GC Heap History (0 events):
No events

Dll operation events (1 events):
Event: 0.005 Loaded shared library C:\Program Files\JetBrains\PyCharm 2023.3.2\jbr\bin\java.dll

Deoptimization events (0 events):
No events

Classes unloaded (0 events):
No events

Classes redefined (0 events):
No events

Internal exceptions (0 events):
No events

VM Operations (0 events):
No events

Events (0 events):
No events


Dynamic libraries:
0x00007ff7d9f70000 - 0x00007ff7d9f7a000 	C:\Program Files\JetBrains\PyCharm 2023.3.2\jbr\bin\java.exe
0x00007ffbce2b0000 - 0x00007ffbce4a8000 	C:\Windows\SYSTEM32\ntdll.dll
0x00007ffbcd290000 - 0x00007ffbcd351000 	C:\Windows\System32\KERNEL32.DLL
0x00007ffbcb960000 - 0x00007ffbcbc5d000 	C:\Windows\System32\KERNELBASE.dll
0x00007ffbcbf30000 - 0x00007ffbcc030000 	C:\Windows\System32\ucrtbase.dll
0x00007ffbbdf70000 - 0x00007ffbbdf87000 	C:\Program Files\JetBrains\PyCharm 2023.3.2\jbr\bin\jli.dll
0x00007ffbcd7b0000 - 0x00007ffbcd94d000 	C:\Windows\System32\USER32.dll
0x00007ffbc0290000 - 0x00007ffbc02ab000 	C:\Program Files\JetBrains\PyCharm 2023.3.2\jbr\bin\VCRUNTIME140.dll
0x00007ffbcbf00000 - 0x00007ffbcbf22000 	C:\Windows\System32\win32u.dll
0x00007ffbce240000 - 0x00007ffbce26b000 	C:\Windows\System32\GDI32.dll
0x00007ffbcc110000 - 0x00007ffbcc227000 	C:\Windows\System32\gdi32full.dll
0x00007ffbcbe60000 - 0x00007ffbcbefd000 	C:\Windows\System32\msvcp_win.dll
0x00007ffbac330000 - 0x00007ffbac5ca000 	C:\Windows\WinSxS\amd64_microsoft.windows.common-controls_6595b64144ccf1df_6.0.19041.4355_none_60b8b9eb71f62e16\COMCTL32.dll
0x00007ffbcd3a0000 - 0x00007ffbcd43e000 	C:\Windows\System32\msvcrt.dll
0x00007ffbcd370000 - 0x00007ffbcd39f000 	C:\Windows\System32\IMM32.DLL
0x0000000063430000 - 0x000000006343c000 	C:\Program Files (x86)\360\Total Security\safemon\SafeWrapper.dll
0x00007ffbcd9e0000 - 0x00007ffbcda90000 	C:\Windows\System32\ADVAPI32.dll
0x00007ffbcd510000 - 0x00007ffbcd5b0000 	C:\Windows\System32\sechost.dll
0x00007ffbcd670000 - 0x00007ffbcd793000 	C:\Windows\System32\RPCRT4.dll
0x00007ffbcbc60000 - 0x00007ffbcbc87000 	C:\Windows\System32\bcrypt.dll
0x00007ffb8e820000 - 0x00007ffb8e8b2000 	C:\Program Files (x86)\360\Total Security\safemon\libzdtp64.dll
0x00007ffbcc2e0000 - 0x00007ffbcca4f000 	C:\Windows\System32\SHELL32.dll
0x00007ffbcda90000 - 0x00007ffbcdae5000 	C:\Windows\System32\SHLWAPI.dll
0x00007ffbcb680000 - 0x00007ffbcb68a000 	C:\Windows\SYSTEM32\VERSION.dll
0x00007ffbc0280000 - 0x00007ffbc028c000 	C:\Program Files\JetBrains\PyCharm 2023.3.2\jbr\bin\vcruntime140_1.dll
0x00007ffb8e790000 - 0x00007ffb8e81d000 	C:\Program Files\JetBrains\PyCharm 2023.3.2\jbr\bin\msvcp140.dll
0x00007ffb8d990000 - 0x00007ffb8e613000 	C:\Program Files\JetBrains\PyCharm 2023.3.2\jbr\bin\server\jvm.dll
0x00007ffbcb620000 - 0x00007ffbcb66b000 	C:\Windows\SYSTEM32\POWRPROF.dll
0x00007ffba9490000 - 0x00007ffba9499000 	C:\Windows\SYSTEM32\WSOCK32.dll
0x00007ffbcd440000 - 0x00007ffbcd4ab000 	C:\Windows\System32\WS2_32.dll
0x00007ffbbe330000 - 0x00007ffbbe357000 	C:\Windows\SYSTEM32\WINMM.dll
0x00007ffbcb450000 - 0x00007ffbcb462000 	C:\Windows\SYSTEM32\UMPDC.dll
0x00007ffbc9910000 - 0x00007ffbc9922000 	C:\Windows\SYSTEM32\kernel.appcore.dll
0x00007ffbc8ac0000 - 0x00007ffbc8aca000 	C:\Program Files\JetBrains\PyCharm 2023.3.2\jbr\bin\jimage.dll
0x00007ffbc9470000 - 0x00007ffbc9654000 	C:\Windows\SYSTEM32\DBGHELP.DLL
0x00007ffbb2020000 - 0x00007ffbb2054000 	C:\Windows\SYSTEM32\dbgcore.DLL
0x00007ffbcc080000 - 0x00007ffbcc102000 	C:\Windows\System32\bcryptPrimitives.dll
0x00007ffbbcd20000 - 0x00007ffbbcd45000 	C:\Program Files\JetBrains\PyCharm 2023.3.2\jbr\bin\java.dll

dbghelp: loaded successfully - version: 4.0.5 - missing functions: none
symbol engine: initialized successfully - sym options: 0x614 - pdb path: .;C:\Program Files\JetBrains\PyCharm 2023.3.2\jbr\bin;C:\Windows\SYSTEM32;C:\Windows\WinSxS\amd64_microsoft.windows.common-controls_6595b64144ccf1df_6.0.19041.4355_none_60b8b9eb71f62e16;C:\Program Files (x86)\360\Total Security\safemon;C:\Program Files\JetBrains\PyCharm 2023.3.2\jbr\bin\server

VM Arguments:
java_command: git4idea.http.GitAskPassApp Username for 'https://github.com': 
java_class_path (initial): C:/Program Files/JetBrains/PyCharm 2023.3.2/plugins/vcs-git/lib/git4idea-rt.jar;C:/Program Files/JetBrains/PyCharm 2023.3.2/lib/externalProcess-rt.jar
Launcher Type: SUN_STANDARD

[Global flags]
     intx CICompilerCount                          = 4                                         {product} {ergonomic}
     uint ConcGCThreads                            = 3                                         {product} {ergonomic}
     uint G1ConcRefinementThreads                  = 10                                        {product} {ergonomic}
   size_t G1HeapRegionSize                         = 2097152                                   {product} {ergonomic}
    uintx GCDrainStackTargetSize                   = 64                                        {product} {ergonomic}
   size_t InitialHeapSize                          = 264241152                                 {product} {ergonomic}
   size_t MarkStackSize                            = 4194304                                   {product} {ergonomic}
   size_t MaxHeapSize                              = 4219469824                                {product} {ergonomic}
   size_t MinHeapDeltaBytes                        = 2097152                                   {product} {ergonomic}
   size_t MinHeapSize                              = 8388608                                   {product} {ergonomic}
    uintx NonNMethodCodeHeapSize                   = 5839372                                {pd product} {ergonomic}
    uintx NonProfiledCodeHeapSize                  = 122909434                              {pd product} {ergonomic}
    uintx ProfiledCodeHeapSize                     = 122909434                              {pd product} {ergonomic}
    uintx ReservedCodeCacheSize                    = 251658240                              {pd product} {ergonomic}
     bool SegmentedCodeCache                       = true                                      {product} {ergonomic}
   size_t SoftMaxHeapSize                          = 4219469824                             {manageable} {ergonomic}
     bool UseCompressedClassPointers               = true                           {product lp64_product} {ergonomic}
     bool UseCompressedOops                        = true                           {product lp64_product} {ergonomic}
     bool UseG1GC                                  = true                                      {product} {ergonomic}
     bool UseLargePagesIndividualAllocation        = false                                  {pd product} {ergonomic}

Logging:
Log output configuration:
 #0: stdout all=warning uptime,level,tags
 #1: stderr all=off uptime,level,tags

Environment Variables:
JAVA_HOME=C:\Program Files\Java\jdk-20
PATH=C:\Program Files\Git\mingw64\libexec\git-core;C:\Program Files\Git\mingw64\libexec\git-core;C:\Program Files\Git\mingw64\bin;C:\Program Files\Git\usr\bin;C:\Users\—Â„ÂÈ\bin;C:\Users\‚ï®–±‚ï®‚ï°‚ï§–ê‚ï®‚îÇ‚ï®‚ï°‚ï®‚ï£\PycharmProjects\cinema\.venv\Scripts;C:\Windows\system32;C:\Windows;C:\Windows\System32\Wbem;C:\Windows\System32\WindowsPowerShell\v1.0;C:\Windows\System32\OpenSSH;C:\Program Files\WireGuard;C:\Program Files\Java\jdk-20\bin;C:\Program Files\nodejs;C:\Program Files (x86)\Yarn\bin;C:\Program Files\Docker\Docker\resources\bin;C:\Program Files\Git\cmd;C:\Program Files\CMake\bin;C:\Users\–°–µ—Ä–≥–µ–π\AppData\Local\Programs\Python\Python312\Scripts;C:\Users\–°–µ—Ä–≥–µ–π\AppData\Local\Programs\Python\Python312;C:\Users\–°–µ—Ä–≥–µ–π\AppData\Local\Programs\Python\Launcher;C:\Users\–°–µ—Ä–≥–µ–π\AppData\Local\Microsoft\WindowsApps;C:\Users\–°–µ—Ä–≥–µ–π\AppData\Local\Programs\Microsoft VS Code\bin;C:\Users\–°–µ—Ä–≥–µ–π\AppData\Local\JetBrains\Toolbox\scripts;C:\Users\–°–µ—Ä–≥–µ–π\AppData\Roaming\npm;C:\Users\–°–µ—Ä–≥–µ–π\AppData\Local\GitHubDesktop\bin;C:\Users\–°–µ—Ä–≥–µ–π\AppData\Local\Yarn\bin;C:\Program Files\JetBrains\PyCharm 2023.3.2\bin;C:\Program Files\JetBrains\PyCharm Community Edition 2024.1.1\bin;C:\Program Files\JetBrains\CLion 2024.1.4\bin
USERNAME=—Â„ÂÈ
DISPLAY=:0.0
LC_ALL=en_US.UTF-8
TERM=xterm-256color
TMPDIR=C:\Users\D899~1\AppData\Local\Temp
OS=Windows_NT
PROCESSOR_IDENTIFIER=Intel64 Family 6 Model 154 Stepping 4, GenuineIntel
TMP=C:\Users\D899~1\AppData\Local\Temp
TEMP=C:\Users\D899~1\AppData\Local\Temp



Periodic native trim disabled

JNI global refs:
JNI global refs: 0, weak refs: 0

JNI global refs memory usage: 0, weak refs: 0

OOME stack traces (most recent first):
Classloader memory used:


---------------  S Y S T E M  ---------------

OS:
 Windows 10 , 64 bit Build 19041 (10.0.19041.4717)
OS uptime: 9 days 16:16 hours
Hyper-V role detected

CPU: total 12 (initial active 12) (6 cores per cpu, 2 threads per core) family 6 model 154 stepping 4 microcode 0x41f, cx8, cmov, fxsr, ht, mmx, 3dnowpref, sse, sse2, sse3, ssse3, sse4.1, sse4.2, popcnt, lzcnt, tsc, tscinvbit, avx, avx2, aes, erms, clmul, bmi1, bmi2, adx, sha, fma, vzeroupper, clflush, clflushopt, clwb, hv
Processor Information for processor 0
  Max Mhz: 2500, Current Mhz: 2500, Mhz Limit: 2500
Processor Information for processor 1
  Max Mhz: 2500, Current Mhz: 2500, Mhz Limit: 2500
Processor Information for processor 2
  Max Mhz: 2500, Current Mhz: 2500, Mhz Limit: 2500
Processor Information for processor 3
  Max Mhz: 2500, Current Mhz: 2500, Mhz Limit: 2500
Processor Information for processor 4
  Max Mhz: 2500, Current Mhz: 1730, Mhz Limit: 1725
Processor Information for processor 5
  Max Mhz: 2500, Current Mhz: 1730, Mhz Limit: 1725
Processor Information for processor 6
  Max Mhz: 2500, Current Mhz: 1730, Mhz Limit: 1725
Processor Information for processor 7
  Max Mhz: 2500, Current Mhz: 1730, Mhz Limit: 1725
Processor Information for processor 8
  Max Mhz: 2500, Current Mhz: 1730, Mhz Limit: 1725
Processor Information for processor 9
  Max Mhz: 2500, Current Mhz: 1730, Mhz Limit: 1725
Processor Information for processor 10
  Max Mhz: 2500, Current Mhz: 1730, Mhz Limit: 1725
Processor Information for processor 11
  Max Mhz: 2500, Current Mhz: 1730, Mhz Limit: 1725

Memory: 4k page, system-wide physical 16088M (3666M free)
TotalPageFile size 18136M (AvailPageFile size 106M)
current process WorkingSet (physical memory assigned to process): 11M, peak: 11M
current process commit charge ("private bytes"): 64M, peak: 316M

vm_info: OpenJDK 64-Bit Server VM (17.0.10+1-b1087.23) for windows-amd64 JRE (17.0.10+1-b1087.23), built on 2024-03-18 by "builduser" with MS VC++ 16.10 / 16.11 (VS2019)

END.
